<?xml version="1.0" encoding="UTF-8"?>
<!-- Generated by org.testng.reporters.JUnitReportReporter -->
<testsuite hostname="ANSH-OFFC" failures="0" tests="2" name="cdpPractice.Networkmocking" time="29.827" errors="0" timestamp="2023-06-08T12:13:48 IST" skipped="0">
  <testcase classname="cdpPractice.Networkmocking" name="netWorkRequestFailed" time="7.748"/>
  <system-out/>
  <testcase classname="cdpPractice.Networkmocking" name="networkMock" time="22.079"/>
  <system-out/>
</testsuite> <!-- cdpPractice.Networkmocking -->
