<?xml version="1.0" encoding="UTF-8"?>
<!-- Generated by org.testng.reporters.JUnitReportReporter -->
<testsuite hostname="ANSH-OFFC" failures="0" tests="1" name="cdpPractice.Blockurls" time="6.507" errors="0" timestamp="2023-06-08T12:32:56 IST" skipped="0">
  <testcase classname="cdpPractice.Blockurls" name="blockIImages" time="6.507"/>
  <system-out/>
</testsuite> <!-- cdpPractice.Blockurls -->
