<?xml version="1.0" encoding="UTF-8"?>
<!-- Generated by org.testng.reporters.JUnitReportReporter -->
<testsuite hostname="ANSH-OFFC" failures="0" tests="1" name="cdpPractice.Emulatorchanges" time="7.259" errors="0" timestamp="2023-06-06T17:21:06 IST" skipped="0">
  <testcase classname="cdpPractice.Emulatorchanges" name="switchToMobile" time="7.259"/>
  <system-out/>
</testsuite> <!-- cdpPractice.Emulatorchanges -->
