<?xml version="1.0" encoding="UTF-8"?>
<!-- Generated by org.testng.reporters.JUnitReportReporter -->
<testsuite hostname="ANSH-OFFC" failures="0" tests="1" name="cdpPractice.Basicauthwindow" time="6.779" errors="0" timestamp="2023-06-09T11:48:12 IST" skipped="0">
  <testcase classname="cdpPractice.Basicauthwindow" name="basicAuth" time="6.779"/>
  <system-out/>
</testsuite> <!-- cdpPractice.Basicauthwindow -->
