<?xml version="1.0" encoding="UTF-8"?>
<!-- Generated by org.testng.reporters.JUnitReportReporter -->
<testsuite hostname="ANSH-OFFC" failures="0" tests="1" name="cdpPractice.Consolelog" time="10.334" errors="0" timestamp="2023-06-09T11:53:14 IST" skipped="0">
  <testcase classname="cdpPractice.Consolelog" name="basicAuth" time="10.334"/>
  <system-out/>
</testsuite> <!-- cdpPractice.Consolelog -->
