<?xml version="1.0" encoding="UTF-8"?>
<!-- Generated by org.testng.reporters.JUnitReportReporter -->
<testsuite hostname="ANSH-OFFC" failures="0" tests="1" name="cdpPractice.Edgeblockurls" time="8.321" errors="0" timestamp="2023-06-10T10:13:01 IST" skipped="0">
  <testcase classname="cdpPractice.Edgeblockurls" name="blockIImages" time="8.321"/>
  <system-out/>
</testsuite> <!-- cdpPractice.Edgeblockurls -->
