<?xml version="1.0" encoding="UTF-8"?>
<!-- Generated by org.testng.reporters.JUnitReportReporter -->
<testsuite hostname="ANSH-OFFC" failures="0" tests="1" name="cdpPractice.Networkactivitytrack" time="8.373" errors="0" timestamp="2023-06-08T10:43:38 IST" skipped="0">
  <testcase classname="cdpPractice.Networkactivitytrack" name="setGeoToFrance" time="8.373"/>
  <system-out/>
</testsuite> <!-- cdpPractice.Networkactivitytrack -->
