<?xml version="1.0" encoding="UTF-8"?>
<!-- Generated by org.testng.reporters.JUnitReportReporter -->
<testsuite hostname="ANSH-OFFC" failures="0" tests="1" name="cdpPractice.Geolocationchange" time="5.785" errors="0" timestamp="2023-06-08T10:49:18 IST" skipped="0">
  <testcase classname="cdpPractice.Geolocationchange" name="setGeoToFrance" time="5.785"/>
  <system-out/>
</testsuite> <!-- cdpPractice.Geolocationchange -->
