<?xml version="1.0" encoding="UTF-8"?>
<!-- Generated by org.testng.reporters.JUnitReportReporter -->
<testsuite hostname="ANSH-OFFC" failures="0" tests="1" name="cdpPractice.Networkemulatorspeed" time="28.615" errors="0" timestamp="2023-06-09T10:55:37 IST" skipped="0">
  <testcase classname="cdpPractice.Networkemulatorspeed" name="emulateLatency" time="28.615"/>
  <system-out/>
</testsuite> <!-- cdpPractice.Networkemulatorspeed -->
